[2025-12-14 22:10:28,763] INFO 开始流水线 (skip_if_exists=True)
[2025-12-14 22:10:28,763] INFO 阶段1: 构建词表与分年DF
[2025-12-14 22:10:28,764] INFO 初始化分词与停用词
[2025-12-14 22:10:28,764] INFO 加载用户词典: user_dict\merged_96.txt 大小=22.42MB
[2025-12-14 22:11:01,869] INFO 用户词典加载完成
[2025-12-14 22:11:01,870] INFO 开始扫描数据并统计DF
[2025-12-14 22:11:01,870] INFO 并行统计DF processes=12 batch_size=10000
[2025-12-14 22:12:12,946] INFO 已处理文档: 10000
[2025-12-14 22:12:18,188] INFO 已处理文档: 20000
[2025-12-14 22:12:19,566] INFO 已处理文档: 30000
[2025-12-14 22:12:24,138] INFO 已处理文档: 40000
[2025-12-14 22:12:27,774] INFO 已处理文档: 50000
[2025-12-14 22:12:28,539] INFO 已处理文档: 60000
[2025-12-14 22:12:35,166] INFO 已处理文档: 70000
[2025-12-14 22:12:36,170] INFO 已处理文档: 80000
[2025-12-14 22:12:38,971] INFO 已处理文档: 90000
[2025-12-14 22:12:39,505] INFO 已处理文档: 100000
[2025-12-14 22:12:43,247] INFO 已处理文档: 110000
[2025-12-14 22:12:44,966] INFO 已处理文档: 120000
[2025-12-14 22:12:46,634] INFO 已处理文档: 130000
[2025-12-14 22:12:49,758] INFO 已处理文档: 140000
[2025-12-14 22:12:52,080] INFO 已处理文档: 150000
[2025-12-14 22:12:52,962] INFO 已处理文档: 160000
[2025-12-14 22:12:54,179] INFO 已处理文档: 170000
[2025-12-14 22:12:55,611] INFO 已处理文档: 180000
[2025-12-14 22:13:02,838] INFO 已处理文档: 190000
[2025-12-14 22:13:02,974] INFO 已处理文档: 200000
[2025-12-14 22:13:03,164] INFO 已处理文档: 210000
[2025-12-14 22:13:04,254] INFO 已处理文档: 220000
[2025-12-14 22:13:07,046] INFO 已处理文档: 230000
[2025-12-14 22:13:09,392] INFO 已处理文档: 240000
[2025-12-14 22:13:14,421] INFO 已处理文档: 250000
[2025-12-14 22:13:14,822] INFO 已处理文档: 260000
[2025-12-14 22:13:14,984] INFO 已处理文档: 270000
[2025-12-14 22:13:16,236] INFO 已处理文档: 280000
[2025-12-14 22:13:16,381] INFO 已处理文档: 290000
[2025-12-14 22:13:20,426] INFO 已处理文档: 300000
[2025-12-14 22:13:26,686] INFO 已处理文档: 310000
[2025-12-14 22:13:29,565] INFO 已处理文档: 320000
[2025-12-14 22:13:39,487] INFO 已处理文档: 330000
[2025-12-14 22:13:39,594] INFO 已处理文档: 340000
[2025-12-14 22:13:39,660] INFO 已处理文档: 350000
[2025-12-14 22:13:39,957] INFO 已处理文档: 360000
[2025-12-14 22:13:40,034] INFO 已处理文档: 370000
[2025-12-14 22:13:42,080] INFO 已处理文档: 380000
[2025-12-14 22:13:45,285] INFO 已处理文档: 390000
[2025-12-14 22:13:45,326] INFO 已处理文档: 400000
[2025-12-14 22:13:47,133] INFO 已处理文档: 410000
[2025-12-14 22:13:49,701] INFO 已处理文档: 420000
[2025-12-14 22:13:56,245] INFO 已处理文档: 430000
[2025-12-14 22:13:59,413] INFO 已处理文档: 440000
[2025-12-14 22:13:59,525] INFO 已处理文档: 450000
[2025-12-14 22:13:59,559] INFO 已处理文档: 460000
[2025-12-14 22:14:02,981] INFO 已处理文档: 470000
[2025-12-14 22:14:03,917] INFO 已处理文档: 480000
[2025-12-14 22:14:03,997] INFO 已处理文档: 490000
[2025-12-14 22:14:06,734] INFO 已处理文档: 500000
[2025-12-14 22:14:10,349] INFO 已处理文档: 510000
[2025-12-14 22:14:12,623] INFO 已处理文档: 520000
[2025-12-14 22:14:12,658] INFO 已处理文档: 530000
[2025-12-14 22:14:13,578] INFO 已处理文档: 540000
[2025-12-14 22:14:19,465] INFO 已处理文档: 550000
[2025-12-14 22:14:23,373] INFO 已处理文档: 560000
[2025-12-14 22:14:26,424] INFO 已处理文档: 570000
[2025-12-14 22:14:39,227] INFO 已处理文档: 580000
[2025-12-14 22:14:39,285] INFO 已处理文档: 590000
[2025-12-14 22:14:39,320] INFO 已处理文档: 600000
[2025-12-14 22:14:39,780] INFO 已处理文档: 610000
[2025-12-14 22:14:40,790] INFO 已处理文档: 620000
[2025-12-14 22:14:40,824] INFO 已处理文档: 630000
[2025-12-14 22:14:43,060] INFO 已处理文档: 640000
[2025-12-14 22:14:44,076] INFO 已处理文档: 650000
[2025-12-14 22:14:49,731] INFO 已处理文档: 660000
[2025-12-14 22:14:49,762] INFO 已处理文档: 670000
[2025-12-14 22:14:49,792] INFO 已处理文档: 680000
[2025-12-14 22:14:51,000] INFO 已处理文档: 690000
[2025-12-14 22:14:56,943] INFO 已处理文档: 700000
[2025-12-14 22:15:02,025] INFO 已处理文档: 710000
[2025-12-14 22:15:03,431] INFO 已处理文档: 720000
[2025-12-14 22:15:21,079] INFO 已处理文档: 730000
[2025-12-14 22:15:21,118] INFO 已处理文档: 740000
[2025-12-14 22:15:21,152] INFO 已处理文档: 750000
[2025-12-14 22:15:22,516] INFO 已处理文档: 760000
[2025-12-14 22:15:23,855] INFO 已处理文档: 770000
[2025-12-14 22:15:23,896] INFO 已处理文档: 780000
[2025-12-14 22:15:25,990] INFO 已处理文档: 790000
[2025-12-14 22:15:26,619] INFO 已处理文档: 800000
[2025-12-14 22:15:29,526] INFO 已处理文档: 810000
[2025-12-14 22:15:29,663] INFO 已处理文档: 820000
[2025-12-14 22:15:29,710] INFO 已处理文档: 830000
[2025-12-14 22:15:29,873] INFO 已处理文档: 840000
[2025-12-14 22:15:39,971] INFO 已处理文档: 850000
[2025-12-14 22:15:42,485] INFO 已处理文档: 860000
[2025-12-14 22:15:45,714] INFO 已处理文档: 870000
[2025-12-14 22:15:50,956] INFO 已处理文档: 880000
[2025-12-14 22:16:04,659] INFO 已处理文档: 890000
[2025-12-14 22:16:05,051] INFO 已处理文档: 900000
[2025-12-14 22:16:05,584] INFO 已处理文档: 910000
[2025-12-14 22:16:07,774] INFO 已处理文档: 920000
[2025-12-14 22:16:12,759] INFO 已处理文档: 930000
[2025-12-14 22:16:12,882] INFO 已处理文档: 940000
[2025-12-14 22:16:12,977] INFO 已处理文档: 950000
[2025-12-14 22:16:16,163] INFO 已处理文档: 960000
[2025-12-14 22:16:16,206] INFO 已处理文档: 970000
[2025-12-14 22:16:17,282] INFO 已处理文档: 980000
[2025-12-14 22:16:17,391] INFO 已处理文档: 990000
[2025-12-14 22:16:25,947] INFO 已处理文档: 1000000
[2025-12-14 22:16:49,322] INFO 已处理文档: 1010000
[2025-12-14 22:16:49,435] INFO 已处理文档: 1020000
[2025-12-14 22:16:51,474] INFO 已处理文档: 1030000
[2025-12-14 22:16:56,514] INFO 已处理文档: 1040000
[2025-12-14 22:16:58,566] INFO 已处理文档: 1050000
[2025-12-14 22:17:02,652] INFO 已处理文档: 1060000
[2025-12-14 22:17:04,933] INFO 已处理文档: 1070000
[2025-12-14 22:17:06,426] INFO 已处理文档: 1080000
[2025-12-14 22:17:10,789] INFO 已处理文档: 1090000
[2025-12-14 22:17:12,217] INFO 已处理文档: 1100000
[2025-12-14 22:17:18,289] INFO 已处理文档: 1110000
[2025-12-14 22:17:25,420] INFO 每年文档数量统计已保存至: artifacts_full_30years\stats\docs_per_year.csv
[2025-12-14 22:17:25,515] INFO 扫描完成，总文档=1116016，词表大小=53461，耗时=416.75s
[2025-12-14 22:17:25,576] INFO 阶段1完成 词表大小=53461 耗时=416.81s
[2025-12-14 22:17:25,576] INFO 因前置阶段变更,清除阶段2状态
[2025-12-14 22:17:25,577] INFO 阶段2: 准备分年tokens
[2025-12-14 22:17:25,581] INFO 开始分词并按年落盘tokens (并行模式 processes=12 batch_size=10000)
[2025-12-14 22:24:56,047] INFO 完成年份=1985 文档数=1835
[2025-12-14 22:24:56,047] INFO 完成年份=1986 文档数=1365
[2025-12-14 22:24:56,047] INFO 完成年份=1987 文档数=1571
[2025-12-14 22:24:56,047] INFO 完成年份=1988 文档数=1717
[2025-12-14 22:24:56,048] INFO 完成年份=1989 文档数=1535
[2025-12-14 22:24:56,048] INFO 完成年份=1990 文档数=1768
[2025-12-14 22:24:56,048] INFO 完成年份=1991 文档数=1981
[2025-12-14 22:24:56,048] INFO 完成年份=1992 文档数=2551
[2025-12-14 22:24:56,048] INFO 完成年份=1993 文档数=2889
[2025-12-14 22:24:56,048] INFO 完成年份=1994 文档数=2959
[2025-12-14 22:24:56,048] INFO 完成年份=1995 文档数=3072
[2025-12-14 22:24:56,048] INFO 完成年份=1996 文档数=3825
[2025-12-14 22:24:56,048] INFO 完成年份=1997 文档数=4625
[2025-12-14 22:24:56,048] INFO 完成年份=1998 文档数=5486
[2025-12-14 22:24:56,048] INFO 完成年份=1999 文档数=6796
[2025-12-14 22:24:56,048] INFO 完成年份=2000 文档数=9806
[2025-12-14 22:24:56,048] INFO 完成年份=2001 文档数=13651
[2025-12-14 22:24:56,049] INFO 完成年份=2002 文档数=21563
[2025-12-14 22:24:56,049] INFO 完成年份=2003 文档数=30341
[2025-12-14 22:24:56,049] INFO 完成年份=2004 文档数=35293
[2025-12-14 22:24:56,049] INFO 完成年份=2005 文档数=46806
[2025-12-14 22:24:56,049] INFO 完成年份=2006 文档数=58536
[2025-12-14 22:24:56,049] INFO 完成年份=2007 文档数=70623
[2025-12-14 22:24:56,049] INFO 完成年份=2008 文档数=88999
[2025-12-14 22:24:56,049] INFO 完成年份=2009 文档数=111699
[2025-12-14 22:24:56,049] INFO 完成年份=2010 文档数=128680
[2025-12-14 22:24:56,049] INFO 完成年份=2011 文档数=148204
[2025-12-14 22:24:56,049] INFO 完成年份=2012 文档数=145846
[2025-12-14 22:24:56,049] INFO 完成年份=2013 文档数=133963
[2025-12-14 22:24:56,049] INFO 完成年份=2014 文档数=27565
[2025-12-14 22:24:56,050] INFO 完成年份=2015 文档数=466
[2025-12-14 22:24:56,100] INFO 阶段2完成 耗时=450.52s
[2025-12-14 22:24:56,100] INFO 因前置阶段变更,清除阶段3状态
[2025-12-14 22:24:56,100] INFO 阶段3: 回顾性TF-BIDF向量化
[2025-12-14 22:24:56,261] INFO 向量化完成 年份=1985 文档=1835 维度=53461 非零=100354 耗时=0.15s 基于历史文档=0
[2025-12-14 22:24:56,414] INFO 向量化完成 年份=1986 文档=1365 维度=53461 非零=76361 耗时=0.15s 基于历史文档=1835
[2025-12-14 22:24:56,589] INFO 向量化完成 年份=1987 文档=1571 维度=53461 非零=89881 耗时=0.17s 基于历史文档=3200
[2025-12-14 22:24:56,783] INFO 向量化完成 年份=1988 文档=1717 维度=53461 非零=103994 耗时=0.19s 基于历史文档=4771
[2025-12-14 22:24:56,960] INFO 向量化完成 年份=1989 文档=1535 维度=53461 非零=93393 耗时=0.17s 基于历史文档=6488
[2025-12-14 22:24:57,160] INFO 向量化完成 年份=1990 文档=1768 维度=53461 非零=110097 耗时=0.20s 基于历史文档=8023
[2025-12-14 22:24:57,386] INFO 向量化完成 年份=1991 文档=1981 维度=53461 非零=122707 耗时=0.22s 基于历史文档=9791
[2025-12-14 22:24:57,666] INFO 向量化完成 年份=1992 文档=2551 维度=53461 非零=156577 耗时=0.27s 基于历史文档=11772
[2025-12-14 22:24:57,963] INFO 向量化完成 年份=1993 文档=2889 维度=53461 非零=167998 耗时=0.29s 基于历史文档=14323
[2025-12-14 22:24:58,265] INFO 向量化完成 年份=1994 文档=2959 维度=53461 非零=173585 耗时=0.30s 基于历史文档=17212
[2025-12-14 22:24:58,587] INFO 向量化完成 年份=1995 文档=3072 维度=53461 非零=182029 耗时=0.32s 基于历史文档=20171
[2025-12-14 22:24:58,962] INFO 向量化完成 年份=1996 文档=3825 维度=53461 非零=223906 耗时=0.37s 基于历史文档=23243
[2025-12-14 22:24:59,393] INFO 向量化完成 年份=1997 文档=4625 维度=53461 非零=270319 耗时=0.42s 基于历史文档=27068
[2025-12-14 22:24:59,900] INFO 向量化完成 年份=1998 文档=5486 维度=53461 非零=317502 耗时=0.50s 基于历史文档=31693
[2025-12-14 22:25:00,532] INFO 向量化完成 年份=1999 文档=6796 维度=53461 非零=395770 耗时=0.62s 基于历史文档=37179
[2025-12-14 22:25:01,393] INFO 向量化完成 年份=2000 文档=9806 维度=53461 非零=569877 耗时=0.85s 基于历史文档=43975
[2025-12-14 22:25:02,593] INFO 向量化完成 年份=2001 文档=13651 维度=53461 非零=798415 耗时=1.18s 基于历史文档=53781
[2025-12-14 22:25:04,492] INFO 向量化完成 年份=2002 文档=21563 维度=53461 非零=1289929 耗时=1.88s 基于历史文档=67432
[2025-12-14 22:25:07,074] INFO 向量化完成 年份=2003 文档=30341 维度=53461 非零=1787944 耗时=2.56s 基于历史文档=88995
[2025-12-14 22:25:10,178] INFO 向量化完成 年份=2004 文档=35293 维度=53461 非零=2133333 耗时=3.08s 基于历史文档=119336
[2025-12-14 22:25:14,509] INFO 向量化完成 年份=2005 文档=46806 维度=53461 非零=2860325 耗时=4.30s 基于历史文档=154629
[2025-12-14 22:25:19,945] INFO 向量化完成 年份=2006 文档=58536 维度=53461 非零=3562863 耗时=5.40s 基于历史文档=201435
[2025-12-14 22:25:26,350] INFO 向量化完成 年份=2007 文档=70623 维度=53461 非零=4244128 耗时=6.36s 基于历史文档=259971
[2025-12-14 22:25:34,114] INFO 向量化完成 年份=2008 文档=88999 维度=53461 非零=5344969 耗时=7.72s 基于历史文档=330594
[2025-12-14 22:25:44,107] INFO 向量化完成 年份=2009 文档=111699 维度=53461 非零=6881617 耗时=9.95s 基于历史文档=419593
[2025-12-14 22:25:56,045] INFO 向量化完成 年份=2010 文档=128680 维度=53461 非零=8175113 耗时=11.89s 基于历史文档=531292
[2025-12-14 22:26:10,245] INFO 向量化完成 年份=2011 文档=148204 维度=53461 非零=9764782 耗时=14.15s 基于历史文档=659972
[2025-12-14 22:26:24,686] INFO 向量化完成 年份=2012 文档=145846 维度=53461 非零=9942358 耗时=14.37s 基于历史文档=808176
[2025-12-14 22:26:38,037] INFO 向量化完成 年份=2013 文档=133963 维度=53461 非零=9320515 耗时=13.28s 基于历史文档=954022
[2025-12-14 22:26:41,018] INFO 向量化完成 年份=2014 文档=27565 维度=53461 非零=1974580 耗时=2.91s 基于历史文档=1087985
[2025-12-14 22:26:41,179] INFO 向量化完成 年份=2015 文档=466 维度=53461 非零=34276 耗时=0.13s 基于历史文档=1115550
[2025-12-14 22:26:41,198] INFO 阶段3完成 耗时=105.10s
[2025-12-14 22:26:41,198] INFO 因前置阶段变更,清除阶段4状态
[2025-12-14 22:26:41,198] INFO 阶段4: 计算BS/FS
[2025-12-14 22:26:41,199] INFO 检测到向量年份范围: 1985 ~ 2015 (共31个年份)
[2025-12-14 22:26:41,206] INFO 开始计算BS/FS 年份=1985 回看窗口=[] 前看窗口=[1986, 1987, 1988, 1989, 1990]
[2025-12-14 22:26:41,207] WARNING 年份=1985 无回看年份 (BS=0)
[2025-12-14 22:26:41,210] INFO FS计算: 加载年份=1986 向量 维度=(1365, 53461)
[2025-12-14 22:26:41,238] INFO FS乘法 T=1985×Y=1986 结果非零=0 耗时=0.03s
[2025-12-14 22:26:41,242] INFO FS计算: 加载年份=1987 向量 维度=(1571, 53461)
[2025-12-14 22:26:41,273] INFO FS乘法 T=1985×Y=1987 结果非零=0 耗时=0.03s
[2025-12-14 22:26:41,277] INFO FS计算: 加载年份=1988 向量 维度=(1717, 53461)
[2025-12-14 22:26:41,309] INFO FS乘法 T=1985×Y=1988 结果非零=0 耗时=0.04s
[2025-12-14 22:26:41,313] INFO FS计算: 加载年份=1989 向量 维度=(1535, 53461)
[2025-12-14 22:26:41,342] INFO FS乘法 T=1985×Y=1989 结果非零=0 耗时=0.03s
[2025-12-14 22:26:41,347] INFO FS计算: 加载年份=1990 向量 维度=(1768, 53461)
[2025-12-14 22:26:41,382] INFO FS乘法 T=1985×Y=1990 结果非零=0 耗时=0.04s
[2025-12-14 22:26:41,384] INFO 年份=1985 BS/FS输出: artifacts_full_30years\stats\bsfs_year=1985.csv 总耗时=0.18s
[2025-12-14 22:26:41,387] INFO 开始计算BS/FS 年份=1986 回看窗口=[1985] 前看窗口=[1987, 1988, 1989, 1990, 1991]
[2025-12-14 22:26:41,389] INFO BS计算: 加载年份=1985 向量 维度=(1835, 53461)
[2025-12-14 22:26:41,415] INFO BS乘法 T=1986×Y=1985 结果非零=0 耗时=0.03s
[2025-12-14 22:26:41,419] INFO FS计算: 加载年份=1987 向量 维度=(1571, 53461)
[2025-12-14 22:26:41,446] INFO FS乘法 T=1986×Y=1987 结果非零=41433 耗时=0.03s
[2025-12-14 22:26:41,450] INFO FS计算: 加载年份=1988 向量 维度=(1717, 53461)
[2025-12-14 22:26:41,480] INFO FS乘法 T=1986×Y=1988 结果非零=45016 耗时=0.03s
[2025-12-14 22:26:41,483] INFO FS计算: 加载年份=1989 向量 维度=(1535, 53461)
[2025-12-14 22:26:41,512] INFO FS乘法 T=1986×Y=1989 结果非零=40262 耗时=0.03s
[2025-12-14 22:26:41,515] INFO FS计算: 加载年份=1990 向量 维度=(1768, 53461)
[2025-12-14 22:26:41,549] INFO FS乘法 T=1986×Y=1990 结果非零=47125 耗时=0.04s
[2025-12-14 22:26:41,553] INFO FS计算: 加载年份=1991 向量 维度=(1981, 53461)
[2025-12-14 22:26:41,587] INFO FS乘法 T=1986×Y=1991 结果非零=51200 耗时=0.04s
[2025-12-14 22:26:41,590] INFO 年份=1986 BS/FS输出: artifacts_full_30years\stats\bsfs_year=1986.csv 总耗时=0.21s
[2025-12-14 22:26:41,593] INFO 开始计算BS/FS 年份=1987 回看窗口=[1985, 1986] 前看窗口=[1988, 1989, 1990, 1991, 1992]
[2025-12-14 22:26:41,596] INFO BS计算: 加载年份=1985 向量 维度=(1835, 53461)
[2025-12-14 22:26:41,626] INFO BS乘法 T=1987×Y=1985 结果非零=0 耗时=0.03s
[2025-12-14 22:26:41,629] INFO BS计算: 加载年份=1986 向量 维度=(1365, 53461)
[2025-12-14 22:26:41,657] INFO BS乘法 T=1987×Y=1986 结果非零=41433 耗时=0.03s
[2025-12-14 22:26:41,660] INFO FS计算: 加载年份=1988 向量 维度=(1717, 53461)
[2025-12-14 22:26:41,696] INFO FS乘法 T=1987×Y=1988 结果非零=51556 耗时=0.04s
[2025-12-14 22:26:41,700] INFO FS计算: 加载年份=1989 向量 维度=(1535, 53461)
[2025-12-14 22:26:41,730] INFO FS乘法 T=1987×Y=1989 结果非零=45707 耗时=0.03s
[2025-12-14 22:26:41,734] INFO FS计算: 加载年份=1990 向量 维度=(1768, 53461)
[2025-12-14 22:26:41,771] INFO FS乘法 T=1987×Y=1990 结果非零=53819 耗时=0.04s
[2025-12-14 22:26:41,775] INFO FS计算: 加载年份=1991 向量 维度=(1981, 53461)
[2025-12-14 22:26:41,815] INFO FS乘法 T=1987×Y=1991 结果非零=59315 耗时=0.04s
[2025-12-14 22:26:41,820] INFO FS计算: 加载年份=1992 向量 维度=(2551, 53461)
[2025-12-14 22:26:41,869] INFO FS乘法 T=1987×Y=1992 结果非零=75304 耗时=0.05s
[2025-12-14 22:26:41,872] INFO 年份=1987 BS/FS输出: artifacts_full_30years\stats\bsfs_year=1987.csv 总耗时=0.28s
[2025-12-14 22:26:41,876] INFO 开始计算BS/FS 年份=1988 回看窗口=[1985, 1986, 1987] 前看窗口=[1989, 1990, 1991, 1992, 1993]
[2025-12-14 22:26:41,878] INFO BS计算: 加载年份=1985 向量 维度=(1835, 53461)
[2025-12-14 22:26:41,911] INFO BS乘法 T=1988×Y=1985 结果非零=0 耗时=0.04s
[2025-12-14 22:26:41,914] INFO BS计算: 加载年份=1986 向量 维度=(1365, 53461)
[2025-12-14 22:26:41,945] INFO BS乘法 T=1988×Y=1986 结果非零=45016 耗时=0.03s
[2025-12-14 22:26:41,949] INFO BS计算: 加载年份=1987 向量 维度=(1571, 53461)
[2025-12-14 22:26:41,984] INFO BS乘法 T=1988×Y=1987 结果非零=51556 耗时=0.04s
[2025-12-14 22:26:41,988] INFO FS计算: 加载年份=1989 向量 维度=(1535, 53461)
[2025-12-14 22:26:42,022] INFO FS乘法 T=1988×Y=1989 结果非零=49660 耗时=0.04s
[2025-12-14 22:26:42,026] INFO FS计算: 加载年份=1990 向量 维度=(1768, 53461)
[2025-12-14 22:26:42,066] INFO FS乘法 T=1988×Y=1990 结果非零=58124 耗时=0.04s
[2025-12-14 22:26:42,070] INFO FS计算: 加载年份=1991 向量 维度=(1981, 53461)
[2025-12-14 22:26:42,115] INFO FS乘法 T=1988×Y=1991 结果非零=64321 耗时=0.05s
[2025-12-14 22:26:42,120] INFO FS计算: 加载年份=1992 向量 维度=(2551, 53461)
[2025-12-14 22:26:42,175] INFO FS乘法 T=1988×Y=1992 结果非零=81496 耗时=0.06s
[2025-12-14 22:26:42,181] INFO FS计算: 加载年份=1993 向量 维度=(2889, 53461)
[2025-12-14 22:26:42,239] INFO FS乘法 T=1988×Y=1993 结果非零=85551 耗时=0.06s
[2025-12-14 22:26:42,243] INFO 年份=1988 BS/FS输出: artifacts_full_30years\stats\bsfs_year=1988.csv 总耗时=0.37s
[2025-12-14 22:26:42,246] INFO 开始计算BS/FS 年份=1989 回看窗口=[1985, 1986, 1987, 1988] 前看窗口=[1990, 1991, 1992, 1993, 1994]
[2025-12-14 22:26:42,249] INFO BS计算: 加载年份=1985 向量 维度=(1835, 53461)
[2025-12-14 22:26:42,279] INFO BS乘法 T=1989×Y=1985 结果非零=0 耗时=0.03s
[2025-12-14 22:26:42,282] INFO BS计算: 加载年份=1986 向量 维度=(1365, 53461)
[2025-12-14 22:26:42,309] INFO BS乘法 T=1989×Y=1986 结果非零=40262 耗时=0.03s
[2025-12-14 22:26:42,312] INFO BS计算: 加载年份=1987 向量 维度=(1571, 53461)
[2025-12-14 22:26:42,343] INFO BS乘法 T=1989×Y=1987 结果非零=45707 耗时=0.03s
[2025-12-14 22:26:42,347] INFO BS计算: 加载年份=1988 向量 维度=(1717, 53461)
[2025-12-14 22:26:42,385] INFO BS乘法 T=1989×Y=1988 结果非零=49660 耗时=0.04s
[2025-12-14 22:26:42,389] INFO FS计算: 加载年份=1990 向量 维度=(1768, 53461)
[2025-12-14 22:26:42,425] INFO FS乘法 T=1989×Y=1990 结果非零=52003 耗时=0.04s
[2025-12-14 22:26:42,429] INFO FS计算: 加载年份=1991 向量 维度=(1981, 53461)
[2025-12-14 22:26:42,468] INFO FS乘法 T=1989×Y=1991 结果非零=57363 耗时=0.04s
[2025-12-14 22:26:42,473] INFO FS计算: 加载年份=1992 向量 维度=(2551, 53461)
[2025-12-14 22:26:42,523] INFO FS乘法 T=1989×Y=1992 结果非零=73622 耗时=0.05s
[2025-12-14 22:26:42,529] INFO FS计算: 加载年份=1993 向量 维度=(2889, 53461)
[2025-12-14 22:26:42,580] INFO FS乘法 T=1989×Y=1993 结果非零=78967 耗时=0.06s
[2025-12-14 22:26:42,586] INFO FS计算: 加载年份=1994 向量 维度=(2959, 53461)
[2025-12-14 22:26:42,638] INFO FS乘法 T=1989×Y=1994 结果非零=79326 耗时=0.06s
[2025-12-14 22:26:42,641] INFO 年份=1989 BS/FS输出: artifacts_full_30years\stats\bsfs_year=1989.csv 总耗时=0.40s
[2025-12-14 22:26:42,645] INFO 开始计算BS/FS 年份=1990 回看窗口=[1985, 1986, 1987, 1988, 1989] 前看窗口=[1991, 1992, 1993, 1994, 1995]
[2025-12-14 22:26:42,647] INFO BS计算: 加载年份=1985 向量 维度=(1835, 53461)
[2025-12-14 22:26:42,681] INFO BS乘法 T=1990×Y=1985 结果非零=0 耗时=0.04s
[2025-12-14 22:26:42,684] INFO BS计算: 加载年份=1986 向量 维度=(1365, 53461)
[2025-12-14 22:26:42,716] INFO BS乘法 T=1990×Y=1986 结果非零=47125 耗时=0.03s
[2025-12-14 22:26:42,719] INFO BS计算: 加载年份=1987 向量 维度=(1571, 53461)
[2025-12-14 22:26:42,757] INFO BS乘法 T=1990×Y=1987 结果非零=53819 耗时=0.04s
[2025-12-14 22:26:42,760] INFO BS计算: 加载年份=1988 向量 维度=(1717, 53461)
[2025-12-14 22:26:42,800] INFO BS乘法 T=1990×Y=1988 结果非零=58124 耗时=0.04s
[2025-12-14 22:26:42,804] INFO BS计算: 加载年份=1989 向量 维度=(1535, 53461)
[2025-12-14 22:26:42,840] INFO BS乘法 T=1990×Y=1989 结果非零=52003 耗时=0.04s
[2025-12-14 22:26:42,844] INFO FS计算: 加载年份=1991 向量 维度=(1981, 53461)
[2025-12-14 22:26:42,890] INFO FS乘法 T=1990×Y=1991 结果非零=68427 耗时=0.05s
[2025-12-14 22:26:42,895] INFO FS计算: 加载年份=1992 向量 维度=(2551, 53461)
[2025-12-14 22:26:42,952] INFO FS乘法 T=1990×Y=1992 结果非零=87350 耗时=0.06s
[2025-12-14 22:26:42,957] INFO FS计算: 加载年份=1993 向量 维度=(2889, 53461)
[2025-12-14 22:26:43,018] INFO FS乘法 T=1990×Y=1993 结果非零=91941 耗时=0.07s
[2025-12-14 22:26:43,023] INFO FS计算: 加载年份=1994 向量 维度=(2959, 53461)
[2025-12-14 22:26:43,083] INFO FS乘法 T=1990×Y=1994 结果非零=92533 耗时=0.07s
[2025-12-14 22:26:43,090] INFO FS计算: 加载年份=1995 向量 维度=(3072, 53461)
[2025-12-14 22:26:43,153] INFO FS乘法 T=1990×Y=1995 结果非零=93718 耗时=0.07s
[2025-12-14 22:26:43,157] INFO 年份=1990 BS/FS输出: artifacts_full_30years\stats\bsfs_year=1990.csv 总耗时=0.52s
[2025-12-14 22:26:43,161] INFO 开始计算BS/FS 年份=1991 回看窗口=[1986, 1987, 1988, 1989, 1990] 前看窗口=[1992, 1993, 1994, 1995, 1996]
[2025-12-14 22:26:43,164] INFO BS计算: 加载年份=1986 向量 维度=(1365, 53461)
[2025-12-14 22:26:43,199] INFO BS乘法 T=1991×Y=1986 结果非零=51200 耗时=0.04s
[2025-12-14 22:26:43,202] INFO BS计算: 加载年份=1987 向量 维度=(1571, 53461)
[2025-12-14 22:26:43,242] INFO BS乘法 T=1991×Y=1987 结果非零=59315 耗时=0.04s
[2025-12-14 22:26:43,246] INFO BS计算: 加载年份=1988 向量 维度=(1717, 53461)
[2025-12-14 22:26:43,290] INFO BS乘法 T=1991×Y=1988 结果非零=64321 耗时=0.05s
[2025-12-14 22:26:43,294] INFO BS计算: 加载年份=1989 向量 维度=(1535, 53461)
[2025-12-14 22:26:43,334] INFO BS乘法 T=1991×Y=1989 结果非零=57363 耗时=0.04s
[2025-12-14 22:26:43,338] INFO BS计算: 加载年份=1990 向量 维度=(1768, 53461)
[2025-12-14 22:26:43,384] INFO BS乘法 T=1991×Y=1990 结果非零=68427 耗时=0.05s
[2025-12-14 22:26:43,390] INFO FS计算: 加载年份=1992 向量 维度=(2551, 53461)
[2025-12-14 22:26:43,452] INFO FS乘法 T=1991×Y=1992 结果非零=96766 耗时=0.07s
[2025-12-14 22:26:43,458] INFO FS计算: 加载年份=1993 向量 维度=(2889, 53461)
[2025-12-14 22:26:43,524] INFO FS乘法 T=1991×Y=1993 结果非零=104238 耗时=0.07s
[2025-12-14 22:26:43,529] INFO FS计算: 加载年份=1994 向量 维度=(2959, 53461)
[2025-12-14 22:26:43,598] INFO FS乘法 T=1991×Y=1994 结果非零=104513 耗时=0.07s
[2025-12-14 22:26:43,603] INFO FS计算: 加载年份=1995 向量 维度=(3072, 53461)
[2025-12-14 22:26:43,674] INFO FS乘法 T=1991×Y=1995 结果非零=107098 耗时=0.08s
[2025-12-14 22:26:43,693] INFO FS计算: 加载年份=1996 向量 维度=(3825, 53461)
[2025-12-14 22:26:43,779] INFO FS乘法 T=1991×Y=1996 结果非零=135558 耗时=0.10s
[2025-12-14 22:26:43,782] INFO 年份=1991 BS/FS输出: artifacts_full_30years\stats\bsfs_year=1991.csv 总耗时=0.62s
[2025-12-14 22:26:43,788] INFO 开始计算BS/FS 年份=1992 回看窗口=[1987, 1988, 1989, 1990, 1991] 前看窗口=[1993, 1994, 1995, 1996, 1997]
[2025-12-14 22:26:43,791] INFO BS计算: 加载年份=1987 向量 维度=(1571, 53461)
[2025-12-14 22:26:43,841] INFO BS乘法 T=1992×Y=1987 结果非零=75304 耗时=0.05s
[2025-12-14 22:26:43,845] INFO BS计算: 加载年份=1988 向量 维度=(1717, 53461)
[2025-12-14 22:26:43,900] INFO BS乘法 T=1992×Y=1988 结果非零=81496 耗时=0.06s
[2025-12-14 22:26:43,904] INFO BS计算: 加载年份=1989 向量 维度=(1535, 53461)
[2025-12-14 22:26:43,954] INFO BS乘法 T=1992×Y=1989 结果非零=73622 耗时=0.05s
[2025-12-14 22:26:43,958] INFO BS计算: 加载年份=1990 向量 维度=(1768, 53461)
[2025-12-14 22:26:44,017] INFO BS乘法 T=1992×Y=1990 结果非零=87350 耗时=0.06s
[2025-12-14 22:26:44,022] INFO BS计算: 加载年份=1991 向量 维度=(1981, 53461)
[2025-12-14 22:26:44,086] INFO BS乘法 T=1992×Y=1991 结果非零=96766 耗时=0.07s
[2025-12-14 22:26:44,091] INFO FS计算: 加载年份=1993 向量 维度=(2889, 53461)
[2025-12-14 22:26:44,177] INFO FS乘法 T=1992×Y=1993 结果非零=141745 耗时=0.09s
[2025-12-14 22:26:44,181] INFO FS计算: 加载年份=1994 向量 维度=(2959, 53461)
[2025-12-14 22:26:44,269] INFO FS乘法 T=1992×Y=1994 结果非零=141172 耗时=0.09s
[2025-12-14 22:26:44,275] INFO FS计算: 加载年份=1995 向量 维度=(3072, 53461)
[2025-12-14 22:26:44,369] INFO FS乘法 T=1992×Y=1995 结果非零=144818 耗时=0.10s
[2025-12-14 22:26:44,376] INFO FS计算: 加载年份=1996 向量 维度=(3825, 53461)
[2025-12-14 22:26:44,486] INFO FS乘法 T=1992×Y=1996 结果非零=183803 耗时=0.12s
[2025-12-14 22:26:44,507] INFO FS计算: 加载年份=1997 向量 维度=(4625, 53461)
[2025-12-14 22:26:44,638] INFO FS乘法 T=1992×Y=1997 结果非零=217090 耗时=0.15s
[2025-12-14 22:26:44,643] INFO 年份=1992 BS/FS输出: artifacts_full_30years\stats\bsfs_year=1992.csv 总耗时=0.86s
[2025-12-14 22:26:44,648] INFO 开始计算BS/FS 年份=1993 回看窗口=[1988, 1989, 1990, 1991, 1992] 前看窗口=[1994, 1995, 1996, 1997, 1998]
[2025-12-14 22:26:44,651] INFO BS计算: 加载年份=1988 向量 维度=(1717, 53461)
[2025-12-14 22:26:44,711] INFO BS乘法 T=1993×Y=1988 结果非零=85551 耗时=0.06s
[2025-12-14 22:26:44,714] INFO BS计算: 加载年份=1989 向量 维度=(1535, 53461)
[2025-12-14 22:26:44,766] INFO BS乘法 T=1993×Y=1989 结果非零=78967 耗时=0.06s
[2025-12-14 22:26:44,770] INFO BS计算: 加载年份=1990 向量 维度=(1768, 53461)
[2025-12-14 22:26:44,832] INFO BS乘法 T=1993×Y=1990 结果非零=91941 耗时=0.06s
[2025-12-14 22:26:44,835] INFO BS计算: 加载年份=1991 向量 维度=(1981, 53461)
[2025-12-14 22:26:44,903] INFO BS乘法 T=1993×Y=1991 结果非零=104238 耗时=0.07s
[2025-12-14 22:26:44,908] INFO BS计算: 加载年份=1992 向量 维度=(2551, 53461)
[2025-12-14 22:26:44,993] INFO BS乘法 T=1993×Y=1992 结果非零=141745 耗时=0.09s
[2025-12-14 22:26:44,998] INFO FS计算: 加载年份=1994 向量 维度=(2959, 53461)
[2025-12-14 22:26:45,094] INFO FS乘法 T=1993×Y=1994 结果非零=186806 耗时=0.10s
[2025-12-14 22:26:45,100] INFO FS计算: 加载年份=1995 向量 维度=(3072, 53461)
[2025-12-14 22:26:45,200] INFO FS乘法 T=1993×Y=1995 结果非零=199229 耗时=0.11s
[2025-12-14 22:26:45,207] INFO FS计算: 加载年份=1996 向量 维度=(3825, 53461)
[2025-12-14 22:26:45,330] INFO FS乘法 T=1993×Y=1996 结果非零=252197 耗时=0.13s
[2025-12-14 22:26:45,338] INFO FS计算: 加载年份=1997 向量 维度=(4625, 53461)
[2025-12-14 22:26:45,483] INFO FS乘法 T=1993×Y=1997 结果非零=297254 耗时=0.15s
[2025-12-14 22:26:45,503] INFO FS计算: 加载年份=1998 向量 维度=(5486, 53461)
[2025-12-14 22:26:45,676] INFO FS乘法 T=1993×Y=1998 结果非零=330991 耗时=0.19s
[2025-12-14 22:26:45,681] INFO 年份=1993 BS/FS输出: artifacts_full_30years\stats\bsfs_year=1993.csv 总耗时=1.04s
[2025-12-14 22:26:45,687] INFO 开始计算BS/FS 年份=1994 回看窗口=[1989, 1990, 1991, 1992, 1993] 前看窗口=[1995, 1996, 1997, 1998, 1999]
[2025-12-14 22:26:45,690] INFO BS计算: 加载年份=1989 向量 维度=(1535, 53461)
[2025-12-14 22:26:45,745] INFO BS乘法 T=1994×Y=1989 结果非零=79326 耗时=0.06s
[2025-12-14 22:26:45,749] INFO BS计算: 加载年份=1990 向量 维度=(1768, 53461)
[2025-12-14 22:26:45,811] INFO BS乘法 T=1994×Y=1990 结果非零=92533 耗时=0.07s
[2025-12-14 22:26:45,815] INFO BS计算: 加载年份=1991 向量 维度=(1981, 53461)
[2025-12-14 22:26:45,885] INFO BS乘法 T=1994×Y=1991 结果非零=104513 耗时=0.07s
[2025-12-14 22:26:45,890] INFO BS计算: 加载年份=1992 向量 维度=(2551, 53461)
[2025-12-14 22:26:45,977] INFO BS乘法 T=1994×Y=1992 结果非零=141172 耗时=0.09s
[2025-12-14 22:26:45,984] INFO BS计算: 加载年份=1993 向量 维度=(2889, 53461)
[2025-12-14 22:26:46,080] INFO BS乘法 T=1994×Y=1993 结果非零=186806 耗时=0.10s
[2025-12-14 22:26:46,085] INFO FS计算: 加载年份=1995 向量 维度=(3072, 53461)
[2025-12-14 22:26:46,187] INFO FS乘法 T=1994×Y=1995 结果非零=192453 耗时=0.11s
[2025-12-14 22:26:46,194] INFO FS计算: 加载年份=1996 向量 维度=(3825, 53461)
[2025-12-14 22:26:46,333] INFO FS乘法 T=1994×Y=1996 结果非零=245161 耗时=0.15s
[2025-12-14 22:26:46,341] INFO FS计算: 加载年份=1997 向量 维度=(4625, 53461)
[2025-12-14 22:26:46,491] INFO FS乘法 T=1994×Y=1997 结果非零=288609 耗时=0.16s
[2025-12-14 22:26:46,500] INFO FS计算: 加载年份=1998 向量 维度=(5486, 53461)
[2025-12-14 22:26:46,677] INFO FS乘法 T=1994×Y=1998 结果非零=327492 耗时=0.19s
[2025-12-14 22:26:46,701] INFO FS计算: 加载年份=1999 向量 维度=(6796, 53461)
[2025-12-14 22:26:46,918] INFO FS乘法 T=1994×Y=1999 结果非零=398030 耗时=0.24s
[2025-12-14 22:26:46,924] INFO 年份=1994 BS/FS输出: artifacts_full_30years\stats\bsfs_year=1994.csv 总耗时=1.24s
[2025-12-14 22:26:46,929] INFO 开始计算BS/FS 年份=1995 回看窗口=[1990, 1991, 1992, 1993, 1994] 前看窗口=[1996, 1997, 1998, 1999, 2000]
[2025-12-14 22:26:46,933] INFO BS计算: 加载年份=1990 向量 维度=(1768, 53461)
[2025-12-14 22:26:46,998] INFO BS乘法 T=1995×Y=1990 结果非零=93718 耗时=0.07s
[2025-12-14 22:26:47,002] INFO BS计算: 加载年份=1991 向量 维度=(1981, 53461)
[2025-12-14 22:26:47,074] INFO BS乘法 T=1995×Y=1991 结果非零=107098 耗时=0.08s
[2025-12-14 22:26:47,079] INFO BS计算: 加载年份=1992 向量 维度=(2551, 53461)
[2025-12-14 22:26:47,169] INFO BS乘法 T=1995×Y=1992 结果非零=144818 耗时=0.10s
[2025-12-14 22:26:47,175] INFO BS计算: 加载年份=1993 向量 维度=(2889, 53461)
[2025-12-14 22:26:47,275] INFO BS乘法 T=1995×Y=1993 结果非零=199229 耗时=0.11s
[2025-12-14 22:26:47,280] INFO BS计算: 加载年份=1994 向量 维度=(2959, 53461)
[2025-12-14 22:26:47,383] INFO BS乘法 T=1995×Y=1994 结果非零=192453 耗时=0.11s
[2025-12-14 22:26:47,390] INFO FS计算: 加载年份=1996 向量 维度=(3825, 53461)
[2025-12-14 22:26:47,524] INFO FS乘法 T=1995×Y=1996 结果非零=268299 耗时=0.14s
[2025-12-14 22:26:47,531] INFO FS计算: 加载年份=1997 向量 维度=(4625, 53461)
[2025-12-14 22:26:47,697] INFO FS乘法 T=1995×Y=1997 结果非零=316451 耗时=0.17s
[2025-12-14 22:26:47,706] INFO FS计算: 加载年份=1998 向量 维度=(5486, 53461)
[2025-12-14 22:26:47,895] INFO FS乘法 T=1995×Y=1998 结果非零=354934 耗时=0.20s
[2025-12-14 22:26:47,907] INFO FS计算: 加载年份=1999 向量 维度=(6796, 53461)
[2025-12-14 22:26:48,137] INFO FS乘法 T=1995×Y=1999 结果非零=428760 耗时=0.24s
[2025-12-14 22:26:48,166] INFO FS计算: 加载年份=2000 向量 维度=(9806, 53461)
[2025-12-14 22:26:48,502] INFO FS乘法 T=1995×Y=2000 结果非零=603998 耗时=0.37s
[2025-12-14 22:26:48,508] INFO 年份=1995 BS/FS输出: artifacts_full_30years\stats\bsfs_year=1995.csv 总耗时=1.58s
[2025-12-14 22:26:48,515] INFO 开始计算BS/FS 年份=1996 回看窗口=[1991, 1992, 1993, 1994, 1995] 前看窗口=[1997, 1998, 1999, 2000, 2001]
[2025-12-14 22:26:48,519] INFO BS计算: 加载年份=1991 向量 维度=(1981, 53461)
[2025-12-14 22:26:48,607] INFO BS乘法 T=1996×Y=1991 结果非零=135558 耗时=0.09s
[2025-12-14 22:26:48,612] INFO BS计算: 加载年份=1992 向量 维度=(2551, 53461)
[2025-12-14 22:26:48,723] INFO BS乘法 T=1996×Y=1992 结果非零=183803 耗时=0.12s
[2025-12-14 22:26:48,728] INFO BS计算: 加载年份=1993 向量 维度=(2889, 53461)
[2025-12-14 22:26:48,852] INFO BS乘法 T=1996×Y=1993 结果非零=252197 耗时=0.13s
[2025-12-14 22:26:48,857] INFO BS计算: 加载年份=1994 向量 维度=(2959, 53461)
[2025-12-14 22:26:48,983] INFO BS乘法 T=1996×Y=1994 结果非零=245161 耗时=0.13s
[2025-12-14 22:26:48,988] INFO BS计算: 加载年份=1995 向量 维度=(3072, 53461)
[2025-12-14 22:26:49,121] INFO BS乘法 T=1996×Y=1995 结果非零=268299 耗时=0.14s
[2025-12-14 22:26:49,129] INFO FS计算: 加载年份=1997 向量 维度=(4625, 53461)
[2025-12-14 22:26:49,324] INFO FS乘法 T=1996×Y=1997 结果非零=410044 耗时=0.20s
[2025-12-14 22:26:49,333] INFO FS计算: 加载年份=1998 向量 维度=(5486, 53461)
[2025-12-14 22:26:49,568] INFO FS乘法 T=1996×Y=1998 结果非零=460924 耗时=0.24s
[2025-12-14 22:26:49,579] INFO FS计算: 加载年份=1999 向量 维度=(6796, 53461)
[2025-12-14 22:26:49,867] INFO FS乘法 T=1996×Y=1999 结果非零=554629 耗时=0.30s
[2025-12-14 22:26:49,882] INFO FS计算: 加载年份=2000 向量 维度=(9806, 53461)
[2025-12-14 22:26:50,302] INFO FS乘法 T=1996×Y=2000 结果非零=783270 耗时=0.44s
[2025-12-14 22:26:50,336] INFO FS计算: 加载年份=2001 向量 维度=(13651, 53461)
[2025-12-14 22:26:50,920] INFO FS乘法 T=1996×Y=2001 结果非零=1043547 耗时=0.62s
[2025-12-14 22:26:50,926] INFO 年份=1996 BS/FS输出: artifacts_full_30years\stats\bsfs_year=1996.csv 总耗时=2.42s
[2025-12-14 22:26:50,934] INFO 开始计算BS/FS 年份=1997 回看窗口=[1992, 1993, 1994, 1995, 1996] 前看窗口=[1998, 1999, 2000, 2001, 2002]
[2025-12-14 22:26:50,939] INFO BS计算: 加载年份=1992 向量 维度=(2551, 53461)
[2025-12-14 22:26:51,073] INFO BS乘法 T=1997×Y=1992 结果非零=217090 耗时=0.14s
[2025-12-14 22:26:51,078] INFO BS计算: 加载年份=1993 向量 维度=(2889, 53461)
[2025-12-14 22:26:51,225] INFO BS乘法 T=1997×Y=1993 结果非零=297254 耗时=0.15s
[2025-12-14 22:26:51,230] INFO BS计算: 加载年份=1994 向量 维度=(2959, 53461)
[2025-12-14 22:26:51,383] INFO BS乘法 T=1997×Y=1994 结果非零=288609 耗时=0.16s
[2025-12-14 22:26:51,390] INFO BS计算: 加载年份=1995 向量 维度=(3072, 53461)
[2025-12-14 22:26:51,549] INFO BS乘法 T=1997×Y=1995 结果非零=316451 耗时=0.17s
[2025-12-14 22:26:51,556] INFO BS计算: 加载年份=1996 向量 维度=(3825, 53461)
[2025-12-14 22:26:51,752] INFO BS乘法 T=1997×Y=1996 结果非零=410044 耗时=0.20s
[2025-12-14 22:26:51,760] INFO FS计算: 加载年份=1998 向量 维度=(5486, 53461)
[2025-12-14 22:26:52,043] INFO FS乘法 T=1997×Y=1998 结果非零=556759 耗时=0.29s
[2025-12-14 22:26:52,054] INFO FS计算: 加载年份=1999 向量 维度=(6796, 53461)
[2025-12-14 22:26:52,407] INFO FS乘法 T=1997×Y=1999 结果非零=673719 耗时=0.36s
[2025-12-14 22:26:52,421] INFO FS计算: 加载年份=2000 向量 维度=(9806, 53461)
[2025-12-14 22:26:52,935] INFO FS乘法 T=1997×Y=2000 结果非零=954346 耗时=0.53s
[2025-12-14 22:26:52,955] INFO FS计算: 加载年份=2001 向量 维度=(13651, 53461)
[2025-12-14 22:26:53,682] INFO FS乘法 T=1997×Y=2001 结果非零=1286347 耗时=0.75s
[2025-12-14 22:26:53,728] INFO FS计算: 加载年份=2002 向量 维度=(21563, 53461)
[2025-12-14 22:26:54,878] INFO FS乘法 T=1997×Y=2002 结果非零=1969173 耗时=1.20s
[2025-12-14 22:26:54,885] INFO 年份=1997 BS/FS输出: artifacts_full_30years\stats\bsfs_year=1997.csv 总耗时=3.96s
[2025-12-14 22:26:54,894] INFO 开始计算BS/FS 年份=1998 回看窗口=[1993, 1994, 1995, 1996, 1997] 前看窗口=[1999, 2000, 2001, 2002, 2003]
[2025-12-14 22:26:54,900] INFO BS计算: 加载年份=1993 向量 维度=(2889, 53461)
[2025-12-14 22:26:55,073] INFO BS乘法 T=1998×Y=1993 结果非零=330991 耗时=0.18s
[2025-12-14 22:26:55,078] INFO BS计算: 加载年份=1994 向量 维度=(2959, 53461)
[2025-12-14 22:26:55,255] INFO BS乘法 T=1998×Y=1994 结果非零=327492 耗时=0.18s
[2025-12-14 22:26:55,261] INFO BS计算: 加载年份=1995 向量 维度=(3072, 53461)
[2025-12-14 22:26:55,450] INFO BS乘法 T=1998×Y=1995 结果非零=354934 耗时=0.20s
[2025-12-14 22:26:55,457] INFO BS计算: 加载年份=1996 向量 维度=(3825, 53461)
[2025-12-14 22:26:55,692] INFO BS乘法 T=1998×Y=1996 结果非零=460924 耗时=0.24s
[2025-12-14 22:26:55,701] INFO BS计算: 加载年份=1997 向量 维度=(4625, 53461)
[2025-12-14 22:26:55,983] INFO BS乘法 T=1998×Y=1997 结果非零=556759 耗时=0.29s
[2025-12-14 22:26:55,994] INFO FS计算: 加载年份=1999 向量 维度=(6796, 53461)
[2025-12-14 22:26:56,416] INFO FS乘法 T=1998×Y=1999 结果非零=776985 耗时=0.43s
[2025-12-14 22:26:56,431] INFO FS计算: 加载年份=2000 向量 维度=(9806, 53461)
[2025-12-14 22:26:57,042] INFO FS乘法 T=1998×Y=2000 结果非零=1105007 耗时=0.62s
[2025-12-14 22:26:57,063] INFO FS计算: 加载年份=2001 向量 维度=(13651, 53461)
[2025-12-14 22:26:57,923] INFO FS乘法 T=1998×Y=2001 结果非零=1509241 耗时=0.88s
[2025-12-14 22:26:57,955] INFO FS计算: 加载年份=2002 向量 维度=(21563, 53461)
[2025-12-14 22:26:59,337] INFO FS乘法 T=1998×Y=2002 结果非零=2316507 耗时=1.41s
[2025-12-14 22:26:59,394] INFO FS计算: 加载年份=2003 向量 维度=(30341, 53461)
[2025-12-14 22:27:01,291] INFO FS乘法 T=1998×Y=2003 结果非零=3177900 耗时=1.95s
[2025-12-14 22:27:01,300] INFO 年份=1998 BS/FS输出: artifacts_full_30years\stats\bsfs_year=1998.csv 总耗时=6.41s
[2025-12-14 22:27:01,311] INFO 开始计算BS/FS 年份=1999 回看窗口=[1994, 1995, 1996, 1997, 1998] 前看窗口=[2000, 2001, 2002, 2003, 2004]
[2025-12-14 22:27:01,316] INFO BS计算: 加载年份=1994 向量 维度=(2959, 53461)
[2025-12-14 22:27:01,533] INFO BS乘法 T=1999×Y=1994 结果非零=398030 耗时=0.22s
[2025-12-14 22:27:01,539] INFO BS计算: 加载年份=1995 向量 维度=(3072, 53461)
[2025-12-14 22:27:01,768] INFO BS乘法 T=1999×Y=1995 结果非零=428760 耗时=0.24s
[2025-12-14 22:27:01,776] INFO BS计算: 加载年份=1996 向量 维度=(3825, 53461)
[2025-12-14 22:27:02,060] INFO BS乘法 T=1999×Y=1996 结果非零=554629 耗时=0.29s
[2025-12-14 22:27:02,068] INFO BS计算: 加载年份=1997 向量 维度=(4625, 53461)
[2025-12-14 22:27:02,416] INFO BS乘法 T=1999×Y=1997 结果非零=673719 耗时=0.36s
[2025-12-14 22:27:02,426] INFO BS计算: 加载年份=1998 向量 维度=(5486, 53461)
[2025-12-14 22:27:02,843] INFO BS乘法 T=1999×Y=1998 结果非零=776985 耗时=0.43s
[2025-12-14 22:27:02,857] INFO FS计算: 加载年份=2000 向量 维度=(9806, 53461)
[2025-12-14 22:27:03,617] INFO FS乘法 T=1999×Y=2000 结果非零=1388176 耗时=0.77s
[2025-12-14 22:27:03,637] INFO FS计算: 加载年份=2001 向量 维度=(13651, 53461)
[2025-12-14 22:27:04,719] INFO FS乘法 T=1999×Y=2001 结果非零=1916764 耗时=1.10s
[2025-12-14 22:27:04,750] INFO FS计算: 加载年份=2002 向量 维度=(21563, 53461)
[2025-12-14 22:27:06,465] INFO FS乘法 T=1999×Y=2002 结果非零=2973546 耗时=1.75s
[2025-12-14 22:27:06,508] INFO FS计算: 加载年份=2003 向量 维度=(30341, 53461)
[2025-12-14 22:27:08,887] INFO FS乘法 T=1999×Y=2003 结果非零=4129271 耗时=2.42s
[2025-12-14 22:27:08,950] INFO FS计算: 加载年份=2004 向量 维度=(35293, 53461)
[2025-12-14 22:27:11,851] INFO FS乘法 T=1999×Y=2004 结果非零=4840540 耗时=2.96s
[2025-12-14 22:27:11,862] INFO 年份=1999 BS/FS输出: artifacts_full_30years\stats\bsfs_year=1999.csv 总耗时=10.56s
[2025-12-14 22:27:11,878] INFO 开始计算BS/FS 年份=2000 回看窗口=[1995, 1996, 1997, 1998, 1999] 前看窗口=[2001, 2002, 2003, 2004, 2005]
[2025-12-14 22:27:11,884] INFO BS计算: 加载年份=1995 向量 维度=(3072, 53461)
[2025-12-14 22:27:12,225] INFO BS乘法 T=2000×Y=1995 结果非零=603998 耗时=0.35s
[2025-12-14 22:27:12,231] INFO BS计算: 加载年份=1996 向量 维度=(3825, 53461)
[2025-12-14 22:27:12,638] INFO BS乘法 T=2000×Y=1996 结果非零=783270 耗时=0.41s
[2025-12-14 22:27:12,646] INFO BS计算: 加载年份=1997 向量 维度=(4625, 53461)
[2025-12-14 22:27:13,144] INFO BS乘法 T=2000×Y=1997 结果非零=954346 耗时=0.51s
[2025-12-14 22:27:13,154] INFO BS计算: 加载年份=1998 向量 维度=(5486, 53461)
[2025-12-14 22:27:13,758] INFO BS乘法 T=2000×Y=1998 结果非零=1105007 耗时=0.61s
[2025-12-14 22:27:13,769] INFO BS计算: 加载年份=1999 向量 维度=(6796, 53461)
[2025-12-14 22:27:14,515] INFO BS乘法 T=2000×Y=1999 结果非零=1388176 耗时=0.76s
[2025-12-14 22:27:14,536] INFO FS计算: 加载年份=2001 向量 维度=(13651, 53461)
[2025-12-14 22:27:16,080] INFO FS乘法 T=2000×Y=2001 结果非零=2782435 耗时=1.56s
[2025-12-14 22:27:16,112] INFO FS计算: 加载年份=2002 向量 维度=(21563, 53461)
[2025-12-14 22:27:18,618] INFO FS乘法 T=2000×Y=2002 结果非零=4314014 耗时=2.54s
[2025-12-14 22:27:18,661] INFO FS计算: 加载年份=2003 向量 维度=(30341, 53461)
[2025-12-14 22:27:22,088] INFO FS乘法 T=2000×Y=2003 结果非零=5970164 耗时=3.47s
[2025-12-14 22:27:22,139] INFO FS计算: 加载年份=2004 向量 维度=(35293, 53461)
[2025-12-14 22:27:26,206] INFO FS乘法 T=2000×Y=2004 结果非零=7022353 耗时=4.12s
[2025-12-14 22:27:26,287] INFO FS计算: 加载年份=2005 向量 维度=(46806, 53461)
[2025-12-14 22:27:31,676] INFO FS乘法 T=2000×Y=2005 结果非零=9417902 耗时=5.47s
[2025-12-14 22:27:31,692] INFO 年份=2000 BS/FS输出: artifacts_full_30years\stats\bsfs_year=2000.csv 总耗时=19.83s
[2025-12-14 22:27:31,712] INFO 开始计算BS/FS 年份=2001 回看窗口=[1996, 1997, 1998, 1999, 2000] 前看窗口=[2002, 2003, 2004, 2005, 2006]
[2025-12-14 22:27:31,719] INFO BS计算: 加载年份=1996 向量 维度=(3825, 53461)
[2025-12-14 22:27:32,282] INFO BS乘法 T=2001×Y=1996 结果非零=1043547 耗时=0.57s
[2025-12-14 22:27:32,290] INFO BS计算: 加载年份=1997 向量 维度=(4625, 53461)
[2025-12-14 22:27:32,979] INFO BS乘法 T=2001×Y=1997 结果非零=1286347 耗时=0.70s
[2025-12-14 22:27:32,988] INFO BS计算: 加载年份=1998 向量 维度=(5486, 53461)
[2025-12-14 22:27:33,823] INFO BS乘法 T=2001×Y=1998 结果非零=1509241 耗时=0.84s
[2025-12-14 22:27:33,834] INFO BS计算: 加载年份=1999 向量 维度=(6796, 53461)
[2025-12-14 22:27:34,890] INFO BS乘法 T=2001×Y=1999 结果非零=1916764 耗时=1.07s
[2025-12-14 22:27:34,909] INFO BS计算: 加载年份=2000 向量 维度=(9806, 53461)
[2025-12-14 22:27:36,575] INFO BS乘法 T=2001×Y=2000 结果非零=2782435 耗时=1.69s
[2025-12-14 22:27:36,611] INFO FS计算: 加载年份=2002 向量 维度=(21563, 53461)
[2025-12-14 22:27:40,397] INFO FS乘法 T=2001×Y=2002 结果非零=6443260 耗时=3.82s
[2025-12-14 22:27:40,448] INFO FS计算: 加载年份=2003 向量 维度=(30341, 53461)
[2025-12-14 22:27:45,787] INFO FS乘法 T=2001×Y=2003 结果非零=8955941 耗时=5.39s
[2025-12-14 22:27:45,847] INFO FS计算: 加载年份=2004 向量 维度=(35293, 53461)
[2025-12-14 22:27:52,122] INFO FS乘法 T=2001×Y=2004 结果非零=10604568 耗时=6.34s
[2025-12-14 22:27:52,200] INFO FS计算: 加载年份=2005 向量 维度=(46806, 53461)
[2025-12-14 22:28:00,412] INFO FS乘法 T=2001×Y=2005 结果非零=14235682 耗时=8.29s
[2025-12-14 22:28:00,522] INFO FS计算: 加载年份=2006 向量 维度=(58536, 53461)
[2025-12-14 22:28:11,008] INFO FS乘法 T=2001×Y=2006 结果非零=17554203 耗时=10.59s
[2025-12-14 22:28:11,030] INFO 年份=2001 BS/FS输出: artifacts_full_30years\stats\bsfs_year=2001.csv 总耗时=39.34s
[2025-12-14 22:28:11,069] INFO 开始计算BS/FS 年份=2002 回看窗口=[1997, 1998, 1999, 2000, 2001] 前看窗口=[2003, 2004, 2005, 2006, 2007]
[2025-12-14 22:28:11,079] INFO BS计算: 加载年份=1997 向量 维度=(4625, 53461)
[2025-12-14 22:28:12,289] INFO BS乘法 T=2002×Y=1997 结果非零=1969173 耗时=1.22s
[2025-12-14 22:28:12,299] INFO BS计算: 加载年份=1998 向量 维度=(5486, 53461)
[2025-12-14 22:28:13,742] INFO BS乘法 T=2002×Y=1998 结果非零=2316507 耗时=1.45s
[2025-12-14 22:28:13,754] INFO BS计算: 加载年份=1999 向量 维度=(6796, 53461)
[2025-12-14 22:28:15,575] INFO BS乘法 T=2002×Y=1999 结果非零=2973546 耗时=1.83s
[2025-12-14 22:28:15,592] INFO BS计算: 加载年份=2000 向量 维度=(9806, 53461)
[2025-12-14 22:28:18,305] INFO BS乘法 T=2002×Y=2000 结果非零=4314014 耗时=2.73s
[2025-12-14 22:28:18,328] INFO BS计算: 加载年份=2001 向量 维度=(13651, 53461)
[2025-12-14 22:28:22,152] INFO BS乘法 T=2002×Y=2001 结果非零=6443260 耗时=3.85s
[2025-12-14 22:28:22,204] INFO FS计算: 加载年份=2003 向量 维度=(30341, 53461)
[2025-12-14 22:28:30,763] INFO FS乘法 T=2002×Y=2003 结果非零=14645592 耗时=8.61s
[2025-12-14 22:28:30,822] INFO FS计算: 加载年份=2004 向量 维度=(35293, 53461)
[2025-12-14 22:28:41,031] INFO FS乘法 T=2002×Y=2004 结果非零=17191748 耗时=10.27s
[2025-12-14 22:28:41,109] INFO FS计算: 加载年份=2005 向量 维度=(46806, 53461)
[2025-12-14 22:28:54,552] INFO FS乘法 T=2002×Y=2005 结果非零=23106146 耗时=13.52s
[2025-12-14 22:28:54,651] INFO FS计算: 加载年份=2006 向量 维度=(58536, 53461)
[2025-12-14 22:29:11,369] INFO FS乘法 T=2002×Y=2006 结果非零=28561198 耗时=16.82s
[2025-12-14 22:29:11,501] INFO FS计算: 加载年份=2007 向量 维度=(70623, 53461)
[2025-12-14 22:29:31,898] INFO FS乘法 T=2002×Y=2007 结果非零=33890201 耗时=20.53s
[2025-12-14 22:29:31,943] INFO 年份=2002 BS/FS输出: artifacts_full_30years\stats\bsfs_year=2002.csv 总耗时=80.91s
[2025-12-14 22:29:31,996] INFO 开始计算BS/FS 年份=2003 回看窗口=[1998, 1999, 2000, 2001, 2002] 前看窗口=[2004, 2005, 2006, 2007, 2008]
[2025-12-14 22:29:32,009] INFO BS计算: 加载年份=1998 向量 维度=(5486, 53461)
[2025-12-14 22:29:34,076] INFO BS乘法 T=2003×Y=1998 结果非零=3177900 耗时=2.08s
[2025-12-14 22:29:34,089] INFO BS计算: 加载年份=1999 向量 维度=(6796, 53461)
[2025-12-14 22:29:36,681] INFO BS乘法 T=2003×Y=1999 结果非零=4129271 耗时=2.61s
[2025-12-14 22:29:36,698] INFO BS计算: 加载年份=2000 向量 维度=(9806, 53461)
[2025-12-14 22:29:40,495] INFO BS乘法 T=2003×Y=2000 结果非零=5970164 耗时=3.81s
[2025-12-14 22:29:40,518] INFO BS计算: 加载年份=2001 向量 维度=(13651, 53461)
[2025-12-14 22:29:45,862] INFO BS乘法 T=2003×Y=2001 结果非零=8955941 耗时=5.37s
[2025-12-14 22:29:45,898] INFO BS计算: 加载年份=2002 向量 维度=(21563, 53461)
[2025-12-14 22:29:54,414] INFO BS乘法 T=2003×Y=2002 结果非零=14645592 耗时=8.55s
[2025-12-14 22:29:54,474] INFO FS计算: 加载年份=2004 向量 维度=(35293, 53461)
[2025-12-14 22:30:08,566] INFO FS乘法 T=2003×Y=2004 结果非零=24641549 耗时=14.15s
[2025-12-14 22:30:08,644] INFO FS计算: 加载年份=2005 向量 维度=(46806, 53461)
[2025-12-14 22:30:27,179] INFO FS乘法 T=2003×Y=2005 结果非零=33073631 耗时=18.61s
[2025-12-14 22:30:27,273] INFO FS计算: 加载年份=2006 向量 维度=(58536, 53461)
[2025-12-14 22:30:51,675] INFO FS乘法 T=2003×Y=2006 结果非零=41006228 耗时=24.50s
[2025-12-14 22:30:51,824] INFO FS计算: 加载年份=2007 向量 维度=(70623, 53461)
[2025-12-14 22:31:30,142] INFO FS乘法 T=2003×Y=2007 结果非零=48616920 耗时=38.47s
[2025-12-14 22:31:30,343] INFO FS计算: 加载年份=2008 向量 维度=(88999, 53461)
[2025-12-14 22:32:16,904] INFO FS乘法 T=2003×Y=2008 结果非零=59787648 耗时=46.76s
[2025-12-14 22:32:16,947] INFO 年份=2003 BS/FS输出: artifacts_full_30years\stats\bsfs_year=2003.csv 总耗时=165.00s
[2025-12-14 22:32:16,998] INFO 开始计算BS/FS 年份=2004 回看窗口=[1999, 2000, 2001, 2002, 2003] 前看窗口=[2005, 2006, 2007, 2008, 2009]
[2025-12-14 22:32:17,010] INFO BS计算: 加载年份=1999 向量 维度=(6796, 53461)
[2025-12-14 22:32:19,833] INFO BS乘法 T=2004×Y=1999 结果非零=4840540 耗时=2.83s
[2025-12-14 22:32:19,849] INFO BS计算: 加载年份=2000 向量 维度=(9806, 53461)
[2025-12-14 22:32:23,857] INFO BS乘法 T=2004×Y=2000 结果非零=7022353 耗时=4.02s
[2025-12-14 22:32:23,878] INFO BS计算: 加载年份=2001 向量 维度=(13651, 53461)
[2025-12-14 22:32:29,739] INFO BS乘法 T=2004×Y=2001 结果非零=10604568 耗时=5.88s
[2025-12-14 22:32:29,783] INFO BS计算: 加载年份=2002 向量 维度=(21563, 53461)
[2025-12-14 22:32:39,252] INFO BS乘法 T=2004×Y=2002 结果非零=17191748 耗时=9.51s
[2025-12-14 22:32:39,295] INFO BS计算: 加载年份=2003 向量 维度=(30341, 53461)
[2025-12-14 22:32:58,101] INFO BS乘法 T=2004×Y=2003 结果非零=24641549 耗时=18.85s
[2025-12-14 22:32:58,207] INFO FS计算: 加载年份=2005 向量 维度=(46806, 53461)
[2025-12-14 22:33:27,849] INFO FS乘法 T=2004×Y=2005 结果非零=40279957 耗时=29.75s
[2025-12-14 22:33:27,973] INFO FS计算: 加载年份=2006 向量 维度=(58536, 53461)
[2025-12-14 22:33:55,757] INFO FS乘法 T=2004×Y=2006 结果非零=50117237 耗时=27.91s
[2025-12-14 22:33:55,858] INFO FS计算: 加载年份=2007 向量 维度=(70623, 53461)
[2025-12-14 22:34:27,324] INFO FS乘法 T=2004×Y=2007 结果非零=59637419 耗时=31.57s
[2025-12-14 22:34:27,458] INFO FS计算: 加载年份=2008 向量 维度=(88999, 53461)
[2025-12-14 22:35:26,683] INFO FS乘法 T=2004×Y=2008 结果非零=73191068 耗时=59.36s
[2025-12-14 22:35:26,863] INFO FS计算: 加载年份=2009 向量 维度=(111699, 53461)
[2025-12-14 22:36:37,714] INFO FS乘法 T=2004×Y=2009 结果非零=89383465 耗时=71.03s
[2025-12-14 22:36:37,776] INFO 年份=2004 BS/FS输出: artifacts_full_30years\stats\bsfs_year=2004.csv 总耗时=260.83s
[2025-12-14 22:36:37,862] INFO 开始计算BS/FS 年份=2005 回看窗口=[2000, 2001, 2002, 2003, 2004] 前看窗口=[2006, 2007, 2008, 2009, 2010]
[2025-12-14 22:36:37,882] INFO BS计算: 加载年份=2000 向量 维度=(9806, 53461)
[2025-12-14 22:36:43,273] INFO BS乘法 T=2005×Y=2000 结果非零=9417902 耗时=5.41s
[2025-12-14 22:36:43,296] INFO BS计算: 加载年份=2001 向量 维度=(13651, 53461)
[2025-12-14 22:36:51,086] INFO BS乘法 T=2005×Y=2001 结果非零=14235682 耗时=7.81s
[2025-12-14 22:36:51,120] INFO BS计算: 加载年份=2002 向量 维度=(21563, 53461)
[2025-12-14 22:37:03,615] INFO BS乘法 T=2005×Y=2002 结果非零=23106146 耗时=12.53s
[2025-12-14 22:37:03,660] INFO BS计算: 加载年份=2003 向量 维度=(30341, 53461)
[2025-12-14 22:37:21,264] INFO BS乘法 T=2005×Y=2003 结果非零=33073631 耗时=17.65s
[2025-12-14 22:37:21,317] INFO BS计算: 加载年份=2004 向量 维度=(35293, 53461)
[2025-12-14 22:37:42,463] INFO BS乘法 T=2005×Y=2004 结果非零=40279957 耗时=21.20s
[2025-12-14 22:37:42,551] INFO FS计算: 加载年份=2006 向量 维度=(58536, 53461)
[2025-12-14 22:38:18,058] INFO FS乘法 T=2005×Y=2006 结果非零=69090624 耗时=35.59s
[2025-12-14 22:38:18,160] INFO FS计算: 加载年份=2007 向量 维度=(70623, 53461)
[2025-12-14 22:39:07,237] INFO FS乘法 T=2005×Y=2007 结果非零=82204546 耗时=49.18s
[2025-12-14 22:39:07,368] INFO FS计算: 加载年份=2008 向量 维度=(88999, 53461)
[2025-12-14 22:40:40,662] INFO FS乘法 T=2005×Y=2008 结果非零=100492311 耗时=93.42s
[2025-12-14 22:40:40,846] INFO FS计算: 加载年份=2009 向量 维度=(111699, 53461)
[2025-12-14 22:44:42,934] INFO FS乘法 T=2005×Y=2009 结果非零=122525814 耗时=242.26s
[2025-12-14 22:44:43,219] INFO FS计算: 加载年份=2010 向量 维度=(128680, 53461)
[2025-12-14 22:49:42,926] INFO FS乘法 T=2005×Y=2010 结果非零=137499393 耗时=299.98s
[2025-12-14 22:49:43,010] INFO 年份=2005 BS/FS输出: artifacts_full_30years\stats\bsfs_year=2005.csv 总耗时=785.23s
[2025-12-14 22:49:43,143] INFO 开始计算BS/FS 年份=2006 回看窗口=[2001, 2002, 2003, 2004, 2005] 前看窗口=[2007, 2008, 2009, 2010, 2011]
[2025-12-14 22:49:43,175] INFO BS计算: 加载年份=2001 向量 维度=(13651, 53461)
[2025-12-14 22:49:53,113] INFO BS乘法 T=2006×Y=2001 结果非零=17554203 耗时=9.97s
[2025-12-14 22:49:53,151] INFO BS计算: 加载年份=2002 向量 维度=(21563, 53461)
[2025-12-14 22:50:09,076] INFO BS乘法 T=2006×Y=2002 结果非零=28561198 耗时=15.96s
[2025-12-14 22:50:09,122] INFO BS计算: 加载年份=2003 向量 维度=(30341, 53461)
